#
# There is insufficient memory for the Java Runtime Environment to continue.
# Native memory allocation (malloc) failed to allocate 32744 bytes. Error detail: Chunk::new
# Possible reasons:
#   The system is out of physical RAM or swap space
#   This process is running with CompressedOops enabled, and the Java Heap may be blocking the growth of the native heap
# Possible solutions:
#   Reduce memory load on the system
#   Increase physical memory or swap space
#   Check if swap backing store is full
#   Decrease Java heap size (-Xmx/-Xms)
#   Decrease number of Java threads
#   Decrease Java thread stack sizes (-Xss)
#   Set larger code cache with -XX:ReservedCodeCacheSize=
#   JVM is running with Unscaled Compressed Oops mode in which the Java heap is
#     placed in the first 4GB address space. The Java Heap base address is the
#     maximum limit for the native heap growth. Please use -XX:HeapBaseMinAddress
#     to set the Java Heap base and to place the Java Heap above 4GB virtual address.
# This output file may be truncated or incomplete.
#
#  Out of Memory Error (arena.cpp:149), pid=1960, tid=11096
#
# JRE version: Java(TM) SE Runtime Environment (23.0.2+7) (build 23.0.2+7-58)
# Java VM: Java HotSpot(TM) 64-Bit Server VM (23.0.2+7-58, mixed mode, sharing, tiered, compressed oops, compressed class ptrs, g1 gc, windows-amd64)
# No core dump will be written. Minidumps are not enabled by default on client versions of Windows
#

---------------  S U M M A R Y ------------

Command Line: -ea -Didea.test.cyclic.buffer.size=1048576 -javaagent:C:\Program Files\JetBrains\IntelliJ IDEA Community Edition 2024.2.4\lib\idea_rt.jar=53624:C:\Program Files\JetBrains\IntelliJ IDEA Community Edition 2024.2.4\bin -Dfile.encoding=UTF-8 -Dsun.stdout.encoding=UTF-8 -Dsun.stderr.encoding=UTF-8 com.intellij.rt.testng.RemoteTestNGStarter -usedefaultlisteners false -socket53623 @w@C:\Users\mohamed.galal\AppData\Local\Temp\idea_working_dirs_testng2.tmp -temp C:\Users\mohamed.galal\AppData\Local\Temp\idea_testng2.tmp

Host: Intel(R) Core(TM) i7-4770 CPU @ 3.40GHz, 8 cores, 7G,  Windows 10 , 64 bit Build 19041 (10.0.19041.5438)
Time: Wed Mar 12 15:12:52 2025 Egypt Standard Time elapsed time: 1.987500 seconds (0d 0h 0m 1s)

---------------  T H R E A D  ---------------

Current thread (0x000002c2453e0790):  JavaThread "C2 CompilerThread1" daemon [_thread_in_native, id=11096, stack(0x000000da59400000,0x000000da59500000) (1024K)]


Current CompileTask:
C2:1987 2412       4       sun.reflect.annotation.AnnotationInvocationHandler::memberValueToString (423 bytes)

Stack: [0x000000da59400000,0x000000da59500000]
Native frames: (J=compiled Java code, j=interpreted, Vv=VM code, C=native code)
V  [jvm.dll+0x6e0b99]  (no source info available)
V  [jvm.dll+0x87e2b3]  (no source info available)
V  [jvm.dll+0x88073e]  (no source info available)
V  [jvm.dll+0x880e13]  (no source info available)
V  [jvm.dll+0x27b006]  (no source info available)
V  [jvm.dll+0xbc06f]  (no source info available)
V  [jvm.dll+0xbc2cb]  (no source info available)
V  [jvm.dll+0x666d0b]  (no source info available)
V  [jvm.dll+0x66cab7]  (no source info available)
V  [jvm.dll+0x66ddb9]  (no source info available)
V  [jvm.dll+0x66be15]  (no source info available)
V  [jvm.dll+0x2449d7]  (no source info available)
V  [jvm.dll+0x243eff]  (no source info available)
V  [jvm.dll+0x1c34b0]  (no source info available)
V  [jvm.dll+0x253df1]  (no source info available)
V  [jvm.dll+0x2520aa]  (no source info available)
V  [jvm.dll+0x3ee226]  (no source info available)
V  [jvm.dll+0x8254cb]  (no source info available)
V  [jvm.dll+0x6df345]  (no source info available)
C  [ucrtbase.dll+0x21bb2]  (no source info available)
C  [KERNEL32.DLL+0x17374]  (no source info available)
C  [ntdll.dll+0x4cc91]  (no source info available)

Lock stack of current Java thread (top to bottom):


---------------  P R O C E S S  ---------------

Threads class SMR info:
_java_thread_list=0x000002c27ce36ee0, length=13, elements={
0x000002c2600ca3c0, 0x000002c27ce41310, 0x000002c27ce430e0, 0x000002c27ce46e10,
0x000002c27ce47870, 0x000002c27ce48a70, 0x000002c27ce56450, 0x000002c27ce57d80,
0x000002c27ce58830, 0x000002c2450d1e10, 0x000002c2450d4570, 0x000002c2450d3850,
0x000002c2453e0790
}

Java Threads: ( => current thread )
  0x000002c2600ca3c0 JavaThread "main"                              [_thread_in_native, id=49984, stack(0x000000da58100000,0x000000da58200000) (1024K)]
  0x000002c27ce41310 JavaThread "Reference Handler"          daemon [_thread_blocked, id=43272, stack(0x000000da58900000,0x000000da58a00000) (1024K)]
  0x000002c27ce430e0 JavaThread "Finalizer"                  daemon [_thread_blocked, id=19280, stack(0x000000da58a00000,0x000000da58b00000) (1024K)]
  0x000002c27ce46e10 JavaThread "Signal Dispatcher"          daemon [_thread_blocked, id=43084, stack(0x000000da58b00000,0x000000da58c00000) (1024K)]
  0x000002c27ce47870 JavaThread "Attach Listener"            daemon [_thread_blocked, id=16320, stack(0x000000da58c00000,0x000000da58d00000) (1024K)]
  0x000002c27ce48a70 JavaThread "Service Thread"             daemon [_thread_blocked, id=19148, stack(0x000000da58d00000,0x000000da58e00000) (1024K)]
  0x000002c27ce56450 JavaThread "Monitor Deflation Thread"   daemon [_thread_blocked, id=47476, stack(0x000000da58e00000,0x000000da58f00000) (1024K)]
  0x000002c27ce57d80 JavaThread "C2 CompilerThread0"         daemon [_thread_in_native, id=26468, stack(0x000000da58f00000,0x000000da59000000) (1024K)]
  0x000002c27ce58830 JavaThread "C1 CompilerThread0"         daemon [_thread_blocked, id=26780, stack(0x000000da59000000,0x000000da59100000) (1024K)]
  0x000002c2450d1e10 JavaThread "Common-Cleaner"             daemon [_thread_blocked, id=33028, stack(0x000000da59100000,0x000000da59200000) (1024K)]
  0x000002c2450d4570 JavaThread "Monitor Ctrl-Break"         daemon [_thread_in_native, id=1484, stack(0x000000da59200000,0x000000da59300000) (1024K)]
  0x000002c2450d3850 JavaThread "Notification Thread"        daemon [_thread_blocked, id=49452, stack(0x000000da59300000,0x000000da59400000) (1024K)]
=>0x000002c2453e0790 JavaThread "C2 CompilerThread1"         daemon [_thread_in_native, id=11096, stack(0x000000da59400000,0x000000da59500000) (1024K)]
Total: 13

Other Threads:
  0x000002c27ce24e40 VMThread "VM Thread"                           [id=3244, stack(0x000000da58800000,0x000000da58900000) (1024K)]
  0x000002c27ce11ef0 WatcherThread "VM Periodic Task Thread"        [id=38308, stack(0x000000da58700000,0x000000da58800000) (1024K)]
  0x000002c260123730 WorkerThread "GC Thread#0"                     [id=49032, stack(0x000000da58200000,0x000000da58300000) (1024K)]
  0x000002c245ef9af0 WorkerThread "GC Thread#1"                     [id=26256, stack(0x000000da59500000,0x000000da59600000) (1024K)]
  0x000002c245efa2b0 WorkerThread "GC Thread#2"                     [id=4348, stack(0x000000da59600000,0x000000da59700000) (1024K)]
  0x000002c245ecce80 WorkerThread "GC Thread#3"                     [id=38432, stack(0x000000da59700000,0x000000da59800000) (1024K)]
  0x000002c245ece0f0 WorkerThread "GC Thread#4"                     [id=36640, stack(0x000000da59800000,0x000000da59900000) (1024K)]
  0x000002c245ece850 WorkerThread "GC Thread#5"                     [id=9044, stack(0x000000da59900000,0x000000da59a00000) (1024K)]
  0x000002c245ecdd40 WorkerThread "GC Thread#6"                     [id=47956, stack(0x000000da59a00000,0x000000da59b00000) (1024K)]
  0x000002c245ecd5e0 WorkerThread "GC Thread#7"                     [id=18448, stack(0x000000da59b00000,0x000000da59c00000) (1024K)]
  0x000002c260139440 ConcurrentGCThread "G1 Main Marker"            [id=27036, stack(0x000000da58300000,0x000000da58400000) (1024K)]
  0x000002c26013a600 WorkerThread "G1 Conc#0"                       [id=13772, stack(0x000000da58400000,0x000000da58500000) (1024K)]
  0x000002c27ccd65a0 ConcurrentGCThread "G1 Refine#0"               [id=32880, stack(0x000000da58500000,0x000000da58600000) (1024K)]
  0x000002c27ccd8040 ConcurrentGCThread "G1 Service"                [id=35684, stack(0x000000da58600000,0x000000da58700000) (1024K)]
Total: 14

Threads with active compile tasks:
C2 CompilerThread0  2009 2454       4       java.lang.invoke.MethodType::makeImpl (109 bytes)
C2 CompilerThread1  2009 2412       4       sun.reflect.annotation.AnnotationInvocationHandler::memberValueToString (423 bytes)
Total: 2

VM state: not at safepoint (normal execution)

VM Mutex/Monitor currently owned by a thread: None

Heap address: 0x0000000081a00000, size: 2022 MB, Compressed Oops mode: 32-bit

CDS archive(s) mapped at: [0x000002c200000000-0x000002c200d70000-0x000002c200d70000), size 14090240, SharedBaseAddress: 0x000002c200000000, ArchiveRelocationMode: 1.
Compressed class space mapped at: 0x000002c201000000-0x000002c241000000, reserved size: 1073741824
Narrow klass base: 0x000002c200000000, Narrow klass shift: 0, Narrow klass range: 0x41000000

GC Precious Log:
 CardTable entry size: 512
 Card Set container configuration: InlinePtr #cards 5 size 8 Array Of Cards #cards 10 size 36 Howl #buckets 4 coarsen threshold 1843 Howl Bitmap #cards 512 size 80 coarsen threshold 460 Card regions per heap region 1 cards per card region 2048
 CPUs: 8 total, 8 available
 Memory: 8082M
 Large Page Support: Disabled
 NUMA Support: Disabled
 Compressed Oops: Enabled (32-bit)
 Heap Region Size: 1M
 Heap Min Capacity: 8M
 Heap Initial Capacity: 128M
 Heap Max Capacity: 2022M
 Pre-touch: Disabled
 Parallel Workers: 8
 Concurrent Workers: 2
 Concurrent Refinement Workers: 8
 Periodic GC: Disabled

Heap:
 garbage-first heap   total reserved 2070528K, committed 131072K, used 22894K [0x0000000081a00000, 0x0000000100000000)
  region size 1024K, 17 young (17408K), 2 survivors (2048K)
 Metaspace       used 17173K, committed 17600K, reserved 1114112K
  class space    used 2072K, committed 2240K, reserved 1048576K

Heap Regions: E=young(eden), S=young(survivor), O=old, HS=humongous(starts), HC=humongous(continues), CS=collection set, F=free, TAMS=top-at-mark-start, PB=parsable bottom
|   0|0x0000000081a00000, 0x0000000081b00000, 0x0000000081b00000|100%| O|  |TAMS 0x0000000081a00000| PB 0x0000000081a00000| Untracked |  0
|   1|0x0000000081b00000, 0x0000000081c00000, 0x0000000081c00000|100%| O|  |TAMS 0x0000000081b00000| PB 0x0000000081b00000| Untracked |  0
|   2|0x0000000081c00000, 0x0000000081d00000, 0x0000000081d00000|100%| O|  |TAMS 0x0000000081c00000| PB 0x0000000081c00000| Untracked |  0
|   3|0x0000000081d00000, 0x0000000081e00000, 0x0000000081e00000|100%| O|  |TAMS 0x0000000081d00000| PB 0x0000000081d00000| Untracked |  0
|   4|0x0000000081e00000, 0x0000000081f00000, 0x0000000081f00000|100%| O|  |TAMS 0x0000000081e00000| PB 0x0000000081e00000| Untracked |  0
|   5|0x0000000081f00000, 0x0000000082000000, 0x0000000082000000|100%| O|  |TAMS 0x0000000081f00000| PB 0x0000000081f00000| Untracked |  0
|   6|0x0000000082000000, 0x000000008208f3b8, 0x0000000082100000| 55%| O|  |TAMS 0x0000000082000000| PB 0x0000000082000000| Untracked |  0
|   7|0x0000000082100000, 0x0000000082100000, 0x0000000082200000|  0%| F|  |TAMS 0x0000000082100000| PB 0x0000000082100000| Untracked |  0
|   8|0x0000000082200000, 0x0000000082200000, 0x0000000082300000|  0%| F|  |TAMS 0x0000000082200000| PB 0x0000000082200000| Untracked |  0
|   9|0x0000000082300000, 0x0000000082300000, 0x0000000082400000|  0%| F|  |TAMS 0x0000000082300000| PB 0x0000000082300000| Untracked |  0
|  10|0x0000000082400000, 0x0000000082400000, 0x0000000082500000|  0%| F|  |TAMS 0x0000000082400000| PB 0x0000000082400000| Untracked |  0
|  11|0x0000000082500000, 0x0000000082500000, 0x0000000082600000|  0%| F|  |TAMS 0x0000000082500000| PB 0x0000000082500000| Untracked |  0
|  12|0x0000000082600000, 0x0000000082600000, 0x0000000082700000|  0%| F|  |TAMS 0x0000000082600000| PB 0x0000000082600000| Untracked |  0
|  13|0x0000000082700000, 0x0000000082700000, 0x0000000082800000|  0%| F|  |TAMS 0x0000000082700000| PB 0x0000000082700000| Untracked |  0
|  14|0x0000000082800000, 0x0000000082800000, 0x0000000082900000|  0%| F|  |TAMS 0x0000000082800000| PB 0x0000000082800000| Untracked |  0
|  15|0x0000000082900000, 0x0000000082900000, 0x0000000082a00000|  0%| F|  |TAMS 0x0000000082900000| PB 0x0000000082900000| Untracked |  0
|  16|0x0000000082a00000, 0x0000000082a00000, 0x0000000082b00000|  0%| F|  |TAMS 0x0000000082a00000| PB 0x0000000082a00000| Untracked |  0
|  17|0x0000000082b00000, 0x0000000082b00000, 0x0000000082c00000|  0%| F|  |TAMS 0x0000000082b00000| PB 0x0000000082b00000| Untracked |  0
|  18|0x0000000082c00000, 0x0000000082c00000, 0x0000000082d00000|  0%| F|  |TAMS 0x0000000082c00000| PB 0x0000000082c00000| Untracked |  0
|  19|0x0000000082d00000, 0x0000000082d00000, 0x0000000082e00000|  0%| F|  |TAMS 0x0000000082d00000| PB 0x0000000082d00000| Untracked |  0
|  20|0x0000000082e00000, 0x0000000082e00000, 0x0000000082f00000|  0%| F|  |TAMS 0x0000000082e00000| PB 0x0000000082e00000| Untracked |  0
|  21|0x0000000082f00000, 0x0000000082f00000, 0x0000000083000000|  0%| F|  |TAMS 0x0000000082f00000| PB 0x0000000082f00000| Untracked |  0
|  22|0x0000000083000000, 0x0000000083000000, 0x0000000083100000|  0%| F|  |TAMS 0x0000000083000000| PB 0x0000000083000000| Untracked |  0
|  23|0x0000000083100000, 0x0000000083100000, 0x0000000083200000|  0%| F|  |TAMS 0x0000000083100000| PB 0x0000000083100000| Untracked |  0
|  24|0x0000000083200000, 0x0000000083200000, 0x0000000083300000|  0%| F|  |TAMS 0x0000000083200000| PB 0x0000000083200000| Untracked |  0
|  25|0x0000000083300000, 0x0000000083300000, 0x0000000083400000|  0%| F|  |TAMS 0x0000000083300000| PB 0x0000000083300000| Untracked |  0
|  26|0x0000000083400000, 0x0000000083400000, 0x0000000083500000|  0%| F|  |TAMS 0x0000000083400000| PB 0x0000000083400000| Untracked |  0
|  27|0x0000000083500000, 0x0000000083500000, 0x0000000083600000|  0%| F|  |TAMS 0x0000000083500000| PB 0x0000000083500000| Untracked |  0
|  28|0x0000000083600000, 0x0000000083600000, 0x0000000083700000|  0%| F|  |TAMS 0x0000000083600000| PB 0x0000000083600000| Untracked |  0
|  29|0x0000000083700000, 0x0000000083700000, 0x0000000083800000|  0%| F|  |TAMS 0x0000000083700000| PB 0x0000000083700000| Untracked |  0
|  30|0x0000000083800000, 0x0000000083800000, 0x0000000083900000|  0%| F|  |TAMS 0x0000000083800000| PB 0x0000000083800000| Untracked |  0
|  31|0x0000000083900000, 0x0000000083900000, 0x0000000083a00000|  0%| F|  |TAMS 0x0000000083900000| PB 0x0000000083900000| Untracked |  0
|  32|0x0000000083a00000, 0x0000000083a00000, 0x0000000083b00000|  0%| F|  |TAMS 0x0000000083a00000| PB 0x0000000083a00000| Untracked |  0
|  33|0x0000000083b00000, 0x0000000083b00000, 0x0000000083c00000|  0%| F|  |TAMS 0x0000000083b00000| PB 0x0000000083b00000| Untracked |  0
|  34|0x0000000083c00000, 0x0000000083c00000, 0x0000000083d00000|  0%| F|  |TAMS 0x0000000083c00000| PB 0x0000000083c00000| Untracked |  0
|  35|0x0000000083d00000, 0x0000000083d00000, 0x0000000083e00000|  0%| F|  |TAMS 0x0000000083d00000| PB 0x0000000083d00000| Untracked |  0
|  36|0x0000000083e00000, 0x0000000083e00000, 0x0000000083f00000|  0%| F|  |TAMS 0x0000000083e00000| PB 0x0000000083e00000| Untracked |  0
|  37|0x0000000083f00000, 0x0000000083f00000, 0x0000000084000000|  0%| F|  |TAMS 0x0000000083f00000| PB 0x0000000083f00000| Untracked |  0
|  38|0x0000000084000000, 0x0000000084000000, 0x0000000084100000|  0%| F|  |TAMS 0x0000000084000000| PB 0x0000000084000000| Untracked |  0
|  39|0x0000000084100000, 0x0000000084100000, 0x0000000084200000|  0%| F|  |TAMS 0x0000000084100000| PB 0x0000000084100000| Untracked |  0
|  40|0x0000000084200000, 0x0000000084200000, 0x0000000084300000|  0%| F|  |TAMS 0x0000000084200000| PB 0x0000000084200000| Untracked |  0
|  41|0x0000000084300000, 0x0000000084300000, 0x0000000084400000|  0%| F|  |TAMS 0x0000000084300000| PB 0x0000000084300000| Untracked |  0
|  42|0x0000000084400000, 0x0000000084400000, 0x0000000084500000|  0%| F|  |TAMS 0x0000000084400000| PB 0x0000000084400000| Untracked |  0
|  43|0x0000000084500000, 0x0000000084500000, 0x0000000084600000|  0%| F|  |TAMS 0x0000000084500000| PB 0x0000000084500000| Untracked |  0
|  44|0x0000000084600000, 0x0000000084600000, 0x0000000084700000|  0%| F|  |TAMS 0x0000000084600000| PB 0x0000000084600000| Untracked |  0
|  45|0x0000000084700000, 0x0000000084700000, 0x0000000084800000|  0%| F|  |TAMS 0x0000000084700000| PB 0x0000000084700000| Untracked |  0
|  46|0x0000000084800000, 0x0000000084800000, 0x0000000084900000|  0%| F|  |TAMS 0x0000000084800000| PB 0x0000000084800000| Untracked |  0
|  47|0x0000000084900000, 0x0000000084900000, 0x0000000084a00000|  0%| F|  |TAMS 0x0000000084900000| PB 0x0000000084900000| Untracked |  0
|  48|0x0000000084a00000, 0x0000000084a00000, 0x0000000084b00000|  0%| F|  |TAMS 0x0000000084a00000| PB 0x0000000084a00000| Untracked |  0
|  49|0x0000000084b00000, 0x0000000084b00000, 0x0000000084c00000|  0%| F|  |TAMS 0x0000000084b00000| PB 0x0000000084b00000| Untracked |  0
|  50|0x0000000084c00000, 0x0000000084c00000, 0x0000000084d00000|  0%| F|  |TAMS 0x0000000084c00000| PB 0x0000000084c00000| Untracked |  0
|  51|0x0000000084d00000, 0x0000000084d00000, 0x0000000084e00000|  0%| F|  |TAMS 0x0000000084d00000| PB 0x0000000084d00000| Untracked |  0
|  52|0x0000000084e00000, 0x0000000084e00000, 0x0000000084f00000|  0%| F|  |TAMS 0x0000000084e00000| PB 0x0000000084e00000| Untracked |  0
|  53|0x0000000084f00000, 0x0000000084f00000, 0x0000000085000000|  0%| F|  |TAMS 0x0000000084f00000| PB 0x0000000084f00000| Untracked |  0
|  54|0x0000000085000000, 0x0000000085000000, 0x0000000085100000|  0%| F|  |TAMS 0x0000000085000000| PB 0x0000000085000000| Untracked |  0
|  55|0x0000000085100000, 0x0000000085100000, 0x0000000085200000|  0%| F|  |TAMS 0x0000000085100000| PB 0x0000000085100000| Untracked |  0
|  56|0x0000000085200000, 0x0000000085200000, 0x0000000085300000|  0%| F|  |TAMS 0x0000000085200000| PB 0x0000000085200000| Untracked |  0
|  57|0x0000000085300000, 0x0000000085300000, 0x0000000085400000|  0%| F|  |TAMS 0x0000000085300000| PB 0x0000000085300000| Untracked |  0
|  58|0x0000000085400000, 0x0000000085400000, 0x0000000085500000|  0%| F|  |TAMS 0x0000000085400000| PB 0x0000000085400000| Untracked |  0
|  59|0x0000000085500000, 0x0000000085500000, 0x0000000085600000|  0%| F|  |TAMS 0x0000000085500000| PB 0x0000000085500000| Untracked |  0
|  60|0x0000000085600000, 0x0000000085600000, 0x0000000085700000|  0%| F|  |TAMS 0x0000000085600000| PB 0x0000000085600000| Untracked |  0
|  61|0x0000000085700000, 0x0000000085700000, 0x0000000085800000|  0%| F|  |TAMS 0x0000000085700000| PB 0x0000000085700000| Untracked |  0
|  62|0x0000000085800000, 0x0000000085800000, 0x0000000085900000|  0%| F|  |TAMS 0x0000000085800000| PB 0x0000000085800000| Untracked |  0
|  63|0x0000000085900000, 0x0000000085900000, 0x0000000085a00000|  0%| F|  |TAMS 0x0000000085900000| PB 0x0000000085900000| Untracked |  0
|  64|0x0000000085a00000, 0x0000000085a00000, 0x0000000085b00000|  0%| F|  |TAMS 0x0000000085a00000| PB 0x0000000085a00000| Untracked |  0
|  65|0x0000000085b00000, 0x0000000085b00000, 0x0000000085c00000|  0%| F|  |TAMS 0x0000000085b00000| PB 0x0000000085b00000| Untracked |  0
|  66|0x0000000085c00000, 0x0000000085c00000, 0x0000000085d00000|  0%| F|  |TAMS 0x0000000085c00000| PB 0x0000000085c00000| Untracked |  0
|  67|0x0000000085d00000, 0x0000000085d00000, 0x0000000085e00000|  0%| F|  |TAMS 0x0000000085d00000| PB 0x0000000085d00000| Untracked |  0
|  68|0x0000000085e00000, 0x0000000085e00000, 0x0000000085f00000|  0%| F|  |TAMS 0x0000000085e00000| PB 0x0000000085e00000| Untracked |  0
|  69|0x0000000085f00000, 0x0000000085f00000, 0x0000000086000000|  0%| F|  |TAMS 0x0000000085f00000| PB 0x0000000085f00000| Untracked |  0
|  70|0x0000000086000000, 0x0000000086000000, 0x0000000086100000|  0%| F|  |TAMS 0x0000000086000000| PB 0x0000000086000000| Untracked |  0
|  71|0x0000000086100000, 0x0000000086100000, 0x0000000086200000|  0%| F|  |TAMS 0x0000000086100000| PB 0x0000000086100000| Untracked |  0
|  72|0x0000000086200000, 0x0000000086200000, 0x0000000086300000|  0%| F|  |TAMS 0x0000000086200000| PB 0x0000000086200000| Untracked |  0
|  73|0x0000000086300000, 0x0000000086300000, 0x0000000086400000|  0%| F|  |TAMS 0x0000000086300000| PB 0x0000000086300000| Untracked |  0
|  74|0x0000000086400000, 0x0000000086400000, 0x0000000086500000|  0%| F|  |TAMS 0x0000000086400000| PB 0x0000000086400000| Untracked |  0
|  75|0x0000000086500000, 0x0000000086500000, 0x0000000086600000|  0%| F|  |TAMS 0x0000000086500000| PB 0x0000000086500000| Untracked |  0
|  76|0x0000000086600000, 0x0000000086600000, 0x0000000086700000|  0%| F|  |TAMS 0x0000000086600000| PB 0x0000000086600000| Untracked |  0
|  77|0x0000000086700000, 0x0000000086700000, 0x0000000086800000|  0%| F|  |TAMS 0x0000000086700000| PB 0x0000000086700000| Untracked |  0
|  78|0x0000000086800000, 0x0000000086800000, 0x0000000086900000|  0%| F|  |TAMS 0x0000000086800000| PB 0x0000000086800000| Untracked |  0
|  79|0x0000000086900000, 0x0000000086900000, 0x0000000086a00000|  0%| F|  |TAMS 0x0000000086900000| PB 0x0000000086900000| Untracked |  0
|  80|0x0000000086a00000, 0x0000000086a00000, 0x0000000086b00000|  0%| F|  |TAMS 0x0000000086a00000| PB 0x0000000086a00000| Untracked |  0
|  81|0x0000000086b00000, 0x0000000086b00000, 0x0000000086c00000|  0%| F|  |TAMS 0x0000000086b00000| PB 0x0000000086b00000| Untracked |  0
|  82|0x0000000086c00000, 0x0000000086c00000, 0x0000000086d00000|  0%| F|  |TAMS 0x0000000086c00000| PB 0x0000000086c00000| Untracked |  0
|  83|0x0000000086d00000, 0x0000000086d00000, 0x0000000086e00000|  0%| F|  |TAMS 0x0000000086d00000| PB 0x0000000086d00000| Untracked |  0
|  84|0x0000000086e00000, 0x0000000086e00000, 0x0000000086f00000|  0%| F|  |TAMS 0x0000000086e00000| PB 0x0000000086e00000| Untracked |  0
|  85|0x0000000086f00000, 0x0000000086f00000, 0x0000000087000000|  0%| F|  |TAMS 0x0000000086f00000| PB 0x0000000086f00000| Untracked |  0
|  86|0x0000000087000000, 0x0000000087000000, 0x0000000087100000|  0%| F|  |TAMS 0x0000000087000000| PB 0x0000000087000000| Untracked |  0
|  87|0x0000000087100000, 0x0000000087100000, 0x0000000087200000|  0%| F|  |TAMS 0x0000000087100000| PB 0x0000000087100000| Untracked |  0
|  88|0x0000000087200000, 0x0000000087200000, 0x0000000087300000|  0%| F|  |TAMS 0x0000000087200000| PB 0x0000000087200000| Untracked |  0
|  89|0x0000000087300000, 0x0000000087300000, 0x0000000087400000|  0%| F|  |TAMS 0x0000000087300000| PB 0x0000000087300000| Untracked |  0
|  90|0x0000000087400000, 0x0000000087400000, 0x0000000087500000|  0%| F|  |TAMS 0x0000000087400000| PB 0x0000000087400000| Untracked |  0
|  91|0x0000000087500000, 0x0000000087500000, 0x0000000087600000|  0%| F|  |TAMS 0x0000000087500000| PB 0x0000000087500000| Untracked |  0
|  92|0x0000000087600000, 0x0000000087600000, 0x0000000087700000|  0%| F|  |TAMS 0x0000000087600000| PB 0x0000000087600000| Untracked |  0
|  93|0x0000000087700000, 0x0000000087700000, 0x0000000087800000|  0%| F|  |TAMS 0x0000000087700000| PB 0x0000000087700000| Untracked |  0
|  94|0x0000000087800000, 0x0000000087800000, 0x0000000087900000|  0%| F|  |TAMS 0x0000000087800000| PB 0x0000000087800000| Untracked |  0
|  95|0x0000000087900000, 0x0000000087900000, 0x0000000087a00000|  0%| F|  |TAMS 0x0000000087900000| PB 0x0000000087900000| Untracked |  0
|  96|0x0000000087a00000, 0x0000000087a00000, 0x0000000087b00000|  0%| F|  |TAMS 0x0000000087a00000| PB 0x0000000087a00000| Untracked |  0
|  97|0x0000000087b00000, 0x0000000087b00000, 0x0000000087c00000|  0%| F|  |TAMS 0x0000000087b00000| PB 0x0000000087b00000| Untracked |  0
|  98|0x0000000087c00000, 0x0000000087c00000, 0x0000000087d00000|  0%| F|  |TAMS 0x0000000087c00000| PB 0x0000000087c00000| Untracked |  0
|  99|0x0000000087d00000, 0x0000000087d00000, 0x0000000087e00000|  0%| F|  |TAMS 0x0000000087d00000| PB 0x0000000087d00000| Untracked |  0
| 100|0x0000000087e00000, 0x0000000087e00000, 0x0000000087f00000|  0%| F|  |TAMS 0x0000000087e00000| PB 0x0000000087e00000| Untracked |  0
| 101|0x0000000087f00000, 0x0000000087f00000, 0x0000000088000000|  0%| F|  |TAMS 0x0000000087f00000| PB 0x0000000087f00000| Untracked |  0
| 102|0x0000000088000000, 0x0000000088000000, 0x0000000088100000|  0%| F|  |TAMS 0x0000000088000000| PB 0x0000000088000000| Untracked |  0
| 103|0x0000000088100000, 0x0000000088100000, 0x0000000088200000|  0%| F|  |TAMS 0x0000000088100000| PB 0x0000000088100000| Untracked |  0
| 104|0x0000000088200000, 0x0000000088200000, 0x0000000088300000|  0%| F|  |TAMS 0x0000000088200000| PB 0x0000000088200000| Untracked |  0
| 105|0x0000000088300000, 0x00000000883cc650, 0x0000000088400000| 79%| S|CS|TAMS 0x0000000088300000| PB 0x0000000088300000| Complete |  0
| 106|0x0000000088400000, 0x0000000088500000, 0x0000000088500000|100%| S|CS|TAMS 0x0000000088400000| PB 0x0000000088400000| Complete |  0
| 107|0x0000000088500000, 0x0000000088500000, 0x0000000088600000|  0%| F|  |TAMS 0x0000000088500000| PB 0x0000000088500000| Untracked |  0
| 108|0x0000000088600000, 0x0000000088600000, 0x0000000088700000|  0%| F|  |TAMS 0x0000000088600000| PB 0x0000000088600000| Untracked |  0
| 109|0x0000000088700000, 0x0000000088700000, 0x0000000088800000|  0%| F|  |TAMS 0x0000000088700000| PB 0x0000000088700000| Untracked |  0
| 110|0x0000000088800000, 0x0000000088800000, 0x0000000088900000|  0%| F|  |TAMS 0x0000000088800000| PB 0x0000000088800000| Untracked |  0
| 111|0x0000000088900000, 0x0000000088900000, 0x0000000088a00000|  0%| F|  |TAMS 0x0000000088900000| PB 0x0000000088900000| Untracked |  0
| 112|0x0000000088a00000, 0x0000000088a00000, 0x0000000088b00000|  0%| F|  |TAMS 0x0000000088a00000| PB 0x0000000088a00000| Untracked |  0
| 113|0x0000000088b00000, 0x0000000088bec258, 0x0000000088c00000| 92%| E|  |TAMS 0x0000000088b00000| PB 0x0000000088b00000| Complete |  0
| 114|0x0000000088c00000, 0x0000000088d00000, 0x0000000088d00000|100%| E|CS|TAMS 0x0000000088c00000| PB 0x0000000088c00000| Complete |  0
| 115|0x0000000088d00000, 0x0000000088e00000, 0x0000000088e00000|100%| E|CS|TAMS 0x0000000088d00000| PB 0x0000000088d00000| Complete |  0
| 116|0x0000000088e00000, 0x0000000088f00000, 0x0000000088f00000|100%| E|CS|TAMS 0x0000000088e00000| PB 0x0000000088e00000| Complete |  0
| 117|0x0000000088f00000, 0x0000000089000000, 0x0000000089000000|100%| E|CS|TAMS 0x0000000088f00000| PB 0x0000000088f00000| Complete |  0
| 118|0x0000000089000000, 0x0000000089100000, 0x0000000089100000|100%| E|CS|TAMS 0x0000000089000000| PB 0x0000000089000000| Complete |  0
| 119|0x0000000089100000, 0x0000000089200000, 0x0000000089200000|100%| E|CS|TAMS 0x0000000089100000| PB 0x0000000089100000| Complete |  0
| 120|0x0000000089200000, 0x0000000089300000, 0x0000000089300000|100%| E|CS|TAMS 0x0000000089200000| PB 0x0000000089200000| Complete |  0
| 121|0x0000000089300000, 0x0000000089400000, 0x0000000089400000|100%| E|CS|TAMS 0x0000000089300000| PB 0x0000000089300000| Complete |  0
| 122|0x0000000089400000, 0x0000000089500000, 0x0000000089500000|100%| E|CS|TAMS 0x0000000089400000| PB 0x0000000089400000| Complete |  0
| 123|0x0000000089500000, 0x0000000089600000, 0x0000000089600000|100%| E|CS|TAMS 0x0000000089500000| PB 0x0000000089500000| Complete |  0
| 124|0x0000000089600000, 0x0000000089700000, 0x0000000089700000|100%| E|CS|TAMS 0x0000000089600000| PB 0x0000000089600000| Complete |  0
| 125|0x0000000089700000, 0x0000000089800000, 0x0000000089800000|100%| E|CS|TAMS 0x0000000089700000| PB 0x0000000089700000| Complete |  0
| 126|0x0000000089800000, 0x0000000089900000, 0x0000000089900000|100%| E|CS|TAMS 0x0000000089800000| PB 0x0000000089800000| Complete |  0
| 127|0x0000000089900000, 0x0000000089a00000, 0x0000000089a00000|100%| E|CS|TAMS 0x0000000089900000| PB 0x0000000089900000| Complete |  0

Card table byte_map: [0x000002c278060000,0x000002c278460000] _byte_map_base: 0x000002c277c53000

Marking Bits: (CMBitMap*) 0x000002c260123d50
 Bits: [0x000002c278460000, 0x000002c27a3f8000)

Polling page: 0x000002c25df90000

Metaspace:

Usage:
  Non-class:     14.78 MB used.
      Class:      2.04 MB used.
       Both:     16.81 MB used.

Virtual space:
  Non-class space:       64.00 MB reserved,      15.00 MB ( 23%) committed,  1 nodes.
      Class space:        1.00 GB reserved,       2.19 MB ( <1%) committed,  1 nodes.
             Both:        1.06 GB reserved,      17.19 MB (  2%) committed. 

Chunk freelists:
   Non-Class:  80.00 KB
       Class:  13.78 MB
        Both:  13.86 MB

MaxMetaspaceSize: unlimited
CompressedClassSpaceSize: 1.00 GB
Initial GC threshold: 21.00 MB
Current GC threshold: 21.00 MB
CDS: on
 - commit_granule_bytes: 65536.
 - commit_granule_words: 8192.
 - virtual_space_node_default_size: 8388608.
 - enlarge_chunks_in_place: 1.
 - use_allocation_guard: 0.


Internal statistics:

num_allocs_failed_limit: 0.
num_arena_births: 406.
num_arena_deaths: 0.
num_vsnodes_births: 2.
num_vsnodes_deaths: 0.
num_space_committed: 275.
num_space_uncommitted: 0.
num_chunks_returned_to_freelist: 0.
num_chunks_taken_from_freelist: 887.
num_chunk_merges: 0.
num_chunk_splits: 566.
num_chunks_enlarged: 364.
num_inconsistent_stats: 0.

CodeHeap 'non-profiled nmethods': size=120064Kb used=760Kb max_used=760Kb free=119303Kb
 bounds [0x000002c2702d0000, 0x000002c270540000, 0x000002c277810000]
CodeHeap 'profiled nmethods': size=120000Kb used=3412Kb max_used=3412Kb free=116587Kb
 bounds [0x000002c268810000, 0x000002c268b70000, 0x000002c26fd40000]
CodeHeap 'non-nmethods': size=5696Kb used=1501Kb max_used=1513Kb free=4194Kb
 bounds [0x000002c26fd40000, 0x000002c26ffb0000, 0x000002c2702d0000]
CodeCache: size=245760Kb, used=5673Kb, max_used=5685Kb, free=240084Kb
 total_blobs=3060, nmethods=2470, adapters=495, full_count=0
Compilation: enabled, stopped_count=0, restarted_count=0

Compilation events (20 events):
Event: 1.968 Thread 0x000002c27ce58830 nmethod 2451 0x000002c268b5c308 code [0x000002c268b5c500, 0x000002c268b5ce18]
Event: 1.968 Thread 0x000002c27ce58830 2452       3       java.lang.invoke.Invokers::callSiteForm (297 bytes)
Event: 1.969 Thread 0x000002c27ce57d80 2454       4       java.lang.invoke.MethodType::makeImpl (109 bytes)
Event: 1.969 Thread 0x000002c27ce58830 nmethod 2452 0x000002c268b5ce88 code [0x000002c268b5d120, 0x000002c268b5e410]
Event: 1.969 Thread 0x000002c27ce58830 2456       3       java.lang.Module::allows (60 bytes)
Event: 1.970 Thread 0x000002c27ce58830 nmethod 2456 0x000002c268b5e488 code [0x000002c268b5e600, 0x000002c268b5ebf0]
Event: 1.971 Thread 0x000002c27ce58830 2459       3       java.lang.invoke.Invokers$Holder::invokeExact_MT (22 bytes)
Event: 1.971 Thread 0x000002c27ce58830 nmethod 2459 0x000002c268b5ec08 code [0x000002c268b5ed80, 0x000002c268b5f3b0]
Event: 1.975 Thread 0x000002c27ce58830 2460       3       java.lang.invoke.VarHandleGuards::guard_LII_V (135 bytes)
Event: 1.977 Thread 0x000002c27ce58830 nmethod 2460 0x000002c268b5f408 code [0x000002c268b5f7a0, 0x000002c268b61c68]
Event: 1.977 Thread 0x000002c27ce58830 2461       3       java.lang.invoke.VarHandleByteArrayAsInts$ArrayHandle::set (39 bytes)
Event: 1.977 Thread 0x000002c27ce58830 nmethod 2461 0x000002c268b61d08 code [0x000002c268b61e40, 0x000002c268b62230]
Event: 1.977 Thread 0x000002c27ce58830 2462   !   3       java.lang.invoke.MethodHandles$Lookup$ClassDefiner::defineClass (213 bytes)
Event: 1.978 Thread 0x000002c27ce58830 nmethod 2462 0x000002c268b62288 code [0x000002c268b62480, 0x000002c268b62df0]
Event: 1.978 Thread 0x000002c27ce58830 2463       3       java.lang.System$2::defineClass (21 bytes)
Event: 1.978 Thread 0x000002c27ce58830 nmethod 2463 0x000002c268b62e88 code [0x000002c268b62fa0, 0x000002c268b63118]
Event: 1.980 Thread 0x000002c27ce58830 2466       3       java.lang.invoke.MethodHandle::bindTo (19 bytes)
Event: 1.981 Thread 0x000002c27ce58830 nmethod 2466 0x000002c268b63188 code [0x000002c268b63320, 0x000002c268b63930]
Event: 1.981 Thread 0x000002c27ce58830 2467       3       java.lang.invoke.MethodType::leadingReferenceParameter (30 bytes)
Event: 1.981 Thread 0x000002c27ce58830 nmethod 2467 0x000002c268b63988 code [0x000002c268b63ac0, 0x000002c268b63d98]

GC Heap History (4 events):
Event: 1.208 GC heap before
{Heap before GC invocations=0 (full 0):
 garbage-first heap   total reserved 2070528K, committed 131072K, used 23552K [0x0000000081a00000, 0x0000000100000000)
  region size 1024K, 24 young (24576K), 0 survivors (0K)
 Metaspace       used 7324K, committed 7552K, reserved 1114112K
  class space    used 879K, committed 960K, reserved 1048576K
}
Event: 1.217 GC heap after
{Heap after GC invocations=1 (full 0):
 garbage-first heap   total reserved 2070528K, committed 131072K, used 6527K [0x0000000081a00000, 0x0000000100000000)
  region size 1024K, 3 young (3072K), 3 survivors (3072K)
 Metaspace       used 7324K, committed 7552K, reserved 1114112K
  class space    used 879K, committed 960K, reserved 1048576K
}
Event: 1.755 GC heap before
{Heap before GC invocations=1 (full 0):
 garbage-first heap   total reserved 2070528K, committed 131072K, used 27007K [0x0000000081a00000, 0x0000000100000000)
  region size 1024K, 24 young (24576K), 3 survivors (3072K)
 Metaspace       used 14202K, committed 14400K, reserved 1114112K
  class space    used 1638K, committed 1728K, reserved 1048576K
}
Event: 1.760 GC heap after
{Heap after GC invocations=2 (full 0):
 garbage-first heap   total reserved 2070528K, committed 131072K, used 8558K [0x0000000081a00000, 0x0000000100000000)
  region size 1024K, 2 young (2048K), 2 survivors (2048K)
 Metaspace       used 14202K, committed 14400K, reserved 1114112K
  class space    used 1638K, committed 1728K, reserved 1048576K
}

Dll operation events (13 events):
Event: 0.011 Loaded shared library C:\Program Files\Java\jdk-23\bin\java.dll
Event: 0.047 Loaded shared library C:\Program Files\Java\jdk-23\bin\jsvml.dll
Event: 0.136 Loaded shared library C:\Program Files\Java\jdk-23\bin\zip.dll
Event: 0.140 Loaded shared library C:\Program Files\Java\jdk-23\bin\instrument.dll
Event: 0.145 Loaded shared library C:\Program Files\Java\jdk-23\bin\net.dll
Event: 0.148 Loaded shared library C:\Program Files\Java\jdk-23\bin\nio.dll
Event: 0.155 Loaded shared library C:\Program Files\Java\jdk-23\bin\zip.dll
Event: 0.168 Loaded shared library C:\Program Files\JetBrains\IntelliJ IDEA Community Edition 2024.2.4\bin\breakgen64.dll
Event: 0.183 Loaded shared library C:\Program Files\Java\jdk-23\bin\extnet.dll
Event: 0.506 Loaded shared library C:\Program Files\Java\jdk-23\bin\verify.dll
Event: 0.518 Loaded shared library C:\Program Files\Java\jdk-23\bin\jimage.dll
Event: 0.933 Loaded shared library C:\Program Files\Java\jdk-23\bin\management.dll
Event: 0.938 Loaded shared library C:\Program Files\Java\jdk-23\bin\management_ext.dll

Deoptimization events (20 events):
Event: 1.720 Thread 0x000002c2600ca3c0 DEOPT PACKING pc=0x000002c268a9e371 sp=0x000000da581fd770
Event: 1.720 Thread 0x000002c2600ca3c0 DEOPT UNPACKING pc=0x000002c26fd94b22 sp=0x000000da581fcc78 mode 0
Event: 1.768 Thread 0x000002c2600ca3c0 DEOPT PACKING pc=0x000002c268a9e371 sp=0x000000da581f9fd0
Event: 1.768 Thread 0x000002c2600ca3c0 DEOPT UNPACKING pc=0x000002c26fd94b22 sp=0x000000da581f94d8 mode 0
Event: 1.832 Thread 0x000002c2600ca3c0 Uncommon trap: trap_request=0xffffff45 fr.pc=0x000002c27032d8c8 relative=0x0000000000000188
Event: 1.832 Thread 0x000002c2600ca3c0 Uncommon trap: reason=unstable_if action=reinterpret pc=0x000002c27032d8c8 method=java.util.HashMap.getNode(Ljava/lang/Object;)Ljava/util/HashMap$Node; @ 66 c2
Event: 1.832 Thread 0x000002c2600ca3c0 DEOPT PACKING pc=0x000002c27032d8c8 sp=0x000000da581fe750
Event: 1.832 Thread 0x000002c2600ca3c0 DEOPT UNPACKING pc=0x000002c26fd94402 sp=0x000000da581fe6c0 mode 2
Event: 1.875 Thread 0x000002c2600ca3c0 Uncommon trap: trap_request=0xffffff45 fr.pc=0x000002c27033e984 relative=0x0000000000000964
Event: 1.875 Thread 0x000002c2600ca3c0 Uncommon trap: reason=unstable_if action=reinterpret pc=0x000002c27033e984 method=java.util.HashMap.hash(Ljava/lang/Object;)I @ 1 c2
Event: 1.875 Thread 0x000002c2600ca3c0 DEOPT PACKING pc=0x000002c27033e984 sp=0x000000da581fcb40
Event: 1.875 Thread 0x000002c2600ca3c0 DEOPT UNPACKING pc=0x000002c26fd94402 sp=0x000000da581fcad0 mode 2
Event: 1.875 Thread 0x000002c2600ca3c0 Uncommon trap: trap_request=0xffffff45 fr.pc=0x000002c27032052c relative=0x00000000000000ac
Event: 1.875 Thread 0x000002c2600ca3c0 Uncommon trap: reason=unstable_if action=reinterpret pc=0x000002c27032052c method=java.util.HashMap.hash(Ljava/lang/Object;)I @ 1 c2
Event: 1.875 Thread 0x000002c2600ca3c0 DEOPT PACKING pc=0x000002c27032052c sp=0x000000da581fcb30
Event: 1.875 Thread 0x000002c2600ca3c0 DEOPT UNPACKING pc=0x000002c26fd94402 sp=0x000000da581fcac8 mode 2
Event: 1.930 Thread 0x000002c2600ca3c0 Uncommon trap: trap_request=0xffffff45 fr.pc=0x000002c270382aac relative=0x00000000000001ec
Event: 1.930 Thread 0x000002c2600ca3c0 Uncommon trap: reason=unstable_if action=reinterpret pc=0x000002c270382aac method=java.lang.StringLatin1.getChars(II[B)I @ 4 c2
Event: 1.930 Thread 0x000002c2600ca3c0 DEOPT PACKING pc=0x000002c270382aac sp=0x000000da581fe0a0
Event: 1.930 Thread 0x000002c2600ca3c0 DEOPT UNPACKING pc=0x000002c26fd94402 sp=0x000000da581fe048 mode 2

Classes loaded (20 events):
Event: 1.932 Loading class java/util/function/LongFunction
Event: 1.932 Loading class java/util/function/LongFunction done
Event: 1.932 Loading class java/util/stream/Nodes$ConcNode
Event: 1.932 Loading class java/util/stream/Nodes$AbstractConcNode
Event: 1.932 Loading class java/util/stream/Nodes$AbstractConcNode done
Event: 1.932 Loading class java/util/stream/Nodes$ConcNode done
Event: 1.936 Loading class java/util/IdentityHashMap$ValueSpliterator
Event: 1.936 Loading class java/util/IdentityHashMap$IdentityHashMapSpliterator
Event: 1.936 Loading class java/util/IdentityHashMap$IdentityHashMapSpliterator done
Event: 1.936 Loading class java/util/IdentityHashMap$ValueSpliterator done
Event: 1.958 Loading class java/util/Comparators$NullComparator
Event: 1.959 Loading class java/util/Comparators$NullComparator done
Event: 1.959 Loading class java/util/stream/SortedOps$RefSortingSink
Event: 1.959 Loading class java/util/stream/SortedOps$RefSortingSink done
Event: 1.966 Loading class java/util/ArrayList$SubList$1
Event: 1.967 Loading class java/util/ArrayList$SubList$1 done
Event: 1.971 Loading class java/util/LinkedList$ListItr
Event: 1.971 Loading class java/util/LinkedList$ListItr done
Event: 1.976 Loading class java/util/concurrent/ConcurrentHashMap$EntrySpliterator
Event: 1.976 Loading class java/util/concurrent/ConcurrentHashMap$EntrySpliterator done

Classes unloaded (0 events):
No events

Classes redefined (0 events):
No events

Internal exceptions (20 events):
Event: 1.821 Thread 0x000002c2600ca3c0 Exception <a 'java/lang/NoSuchMethodError'{0x000000008954a0f8}: 'int java.lang.invoke.DirectMethodHandle$Holder.invokeStaticInit(java.lang.Object, java.lang.Object, java.lang.Object)'> (0x000000008954a0f8) 
thrown [s\open\src\hotspot\share\interpreter\linkResolver.cpp, line 796]
Event: 1.850 Thread 0x000002c2600ca3c0 Exception <a 'java/lang/IncompatibleClassChangeError'{0x00000000894b38f0}: Found class java.lang.Object, but interface was expected> (0x00000000894b38f0) 
thrown [s\open\src\hotspot\share\interpreter\linkResolver.cpp, line 863]
Event: 1.851 Thread 0x000002c2600ca3c0 Exception <a 'java/lang/NoSuchMethodError'{0x00000000894bf870}: 'java.lang.Object java.lang.invoke.DirectMethodHandle$Holder.newInvokeSpecial(java.lang.Object, java.lang.Object, java.lang.Object, java.lang.Object, java.lang.Object, java.lang.Object, java.lang.Object, java.lang.Object, java.lang.Object)'> (0x00000000894bf870) 
thrown [s\open\src\hotspot\share\interpreter\linkResolver.cpp, line 796]
Event: 1.863 Thread 0x000002c2600ca3c0 Exception <a 'java/lang/NoSuchMethodError'{0x0000000089360cc0}: 'java.lang.Object java.lang.invoke.DirectMethodHandle$Holder.newInvokeSpecial(java.lang.Object, java.lang.Object, java.lang.Object, java.lang.Object, java.lang.Object, java.lang.Object, java.lang.Object)'> (0x0000000089360cc0) 
thrown [s\open\src\hotspot\share\interpreter\linkResolver.cpp, line 796]
Event: 1.868 Thread 0x000002c2600ca3c0 Exception <a 'java/lang/NoSuchMethodError'{0x00000000893996a8}: 'java.lang.Object java.lang.invoke.DirectMethodHandle$Holder.invokeStatic(java.lang.Object, int, java.lang.Object, java.lang.Object)'> (0x00000000893996a8) 
thrown [s\open\src\hotspot\share\interpreter\linkResolver.cpp, line 796]
Event: 1.868 Thread 0x000002c2600ca3c0 Exception <a 'java/lang/NoSuchMethodError'{0x000000008939fdc8}: 'java.lang.Object java.lang.invoke.DirectMethodHandle$Holder.newInvokeSpecial(java.lang.Object, int, java.lang.Object)'> (0x000000008939fdc8) 
thrown [s\open\src\hotspot\share\interpreter\linkResolver.cpp, line 796]
Event: 1.873 Thread 0x000002c2600ca3c0 Exception <a 'sun/nio/fs/WindowsException'{0x00000000893b8238}> (0x00000000893b8238) 
thrown [s\open\src\hotspot\share\prims\jni.cpp, line 520]
Event: 1.875 Thread 0x000002c2600ca3c0 Implicit null exception at 0x000002c27033e05d to 0x000002c27033e968
Event: 1.875 Thread 0x000002c2600ca3c0 Implicit null exception at 0x000002c27032049d to 0x000002c27032051d
Event: 1.907 Thread 0x000002c2600ca3c0 Exception <a 'java/lang/IncompatibleClassChangeError'{0x0000000089076c30}: Found class java.lang.Object, but interface was expected> (0x0000000089076c30) 
thrown [s\open\src\hotspot\share\interpreter\linkResolver.cpp, line 863]
Event: 1.915 Thread 0x000002c2600ca3c0 Exception <a 'java/lang/NoSuchMethodError'{0x00000000890f30f0}: 'java.lang.Object java.lang.invoke.Invokers$Holder.linkToTargetMethod(java.lang.Object, long, java.lang.Object)'> (0x00000000890f30f0) 
thrown [s\open\src\hotspot\share\interpreter\linkResolver.cpp, line 796]
Event: 1.915 Thread 0x000002c2600ca3c0 Exception <a 'java/lang/NoSuchMethodError'{0x00000000890fc8c8}: 'java.lang.Object java.lang.invoke.DirectMethodHandle$Holder.newInvokeSpecial(java.lang.Object, java.lang.Object, int, java.lang.Object, java.lang.Object)'> (0x00000000890fc8c8) 
thrown [s\open\src\hotspot\share\interpreter\linkResolver.cpp, line 796]
Event: 1.934 Thread 0x000002c2600ca3c0 Exception <a 'java/lang/NoSuchMethodError'{0x0000000088ffa688}: 'java.lang.Object java.lang.invoke.DirectMethodHandle$Holder.invokeStatic(java.lang.Object, java.lang.Object, java.lang.Object, int, java.lang.Object, java.lang.Object)'> (0x0000000088ffa688) 
thrown [s\open\src\hotspot\share\interpreter\linkResolver.cpp, line 796]
Event: 1.949 Thread 0x000002c2600ca3c0 Exception <a 'java/lang/NoSuchMethodError'{0x0000000088eeb0c8}: 'void java.lang.invoke.DirectMethodHandle$Holder.invokeInterface(java.lang.Object, java.lang.Object, java.lang.Object)'> (0x0000000088eeb0c8) 
thrown [s\open\src\hotspot\share\interpreter\linkResolver.cpp, line 796]
Event: 1.949 Thread 0x000002c2600ca3c0 Exception <a 'java/lang/IncompatibleClassChangeError'{0x0000000088eee1d0}: Found class java.lang.Object, but interface was expected> (0x0000000088eee1d0) 
thrown [s\open\src\hotspot\share\interpreter\linkResolver.cpp, line 863]
Event: 1.950 Thread 0x000002c2600ca3c0 Exception <a 'java/lang/IncompatibleClassChangeError'{0x0000000088ef4270}: Found class java.lang.Object, but interface was expected> (0x0000000088ef4270) 
thrown [s\open\src\hotspot\share\interpreter\linkResolver.cpp, line 863]
Event: 1.956 Thread 0x000002c2600ca3c0 Exception <a 'java/lang/NoSuchMethodError'{0x0000000088d42d40}: 'int java.lang.invoke.DirectMethodHandle$Holder.invokeVirtual(java.lang.Object, java.lang.Object, java.lang.Object)'> (0x0000000088d42d40) 
thrown [s\open\src\hotspot\share\interpreter\linkResolver.cpp, line 796]
Event: 1.969 Thread 0x000002c2600ca3c0 Exception <a 'java/lang/NoSuchMethodError'{0x0000000088dd1aa0}: 'void java.lang.invoke.DirectMethodHandle$Holder.invokeInterface(java.lang.Object, java.lang.Object)'> (0x0000000088dd1aa0) 
thrown [s\open\src\hotspot\share\interpreter\linkResolver.cpp, line 796]
Event: 1.975 Thread 0x000002c2600ca3c0 Exception <a 'java/lang/IncompatibleClassChangeError'{0x0000000088c0b438}: Found class java.lang.Object, but interface was expected> (0x0000000088c0b438) 
thrown [s\open\src\hotspot\share\interpreter\linkResolver.cpp, line 863]
Event: 1.976 Thread 0x000002c2600ca3c0 Exception <a 'java/lang/NoSuchMethodError'{0x0000000088c0ddf8}: 'int java.lang.invoke.DirectMethodHandle$Holder.invokeSpecial(java.lang.Object, java.lang.Object, java.lang.Object, java.lang.Object, java.lang.Object)'> (0x0000000088c0ddf8) 
thrown [s\open\src\hotspot\share\interpreter\linkResolver.cpp, line 796]

VM Operations (20 events):
Event: 0.922 Executing VM operation: HandshakeAllThreads (Deoptimize)
Event: 0.922 Executing VM operation: HandshakeAllThreads (Deoptimize) done
Event: 1.208 Executing VM operation: G1CollectForAllocation (G1 Evacuation Pause)
Event: 1.217 Executing VM operation: G1CollectForAllocation (G1 Evacuation Pause) done
Event: 1.456 Executing VM operation: HandshakeAllThreads (Deoptimize)
Event: 1.456 Executing VM operation: HandshakeAllThreads (Deoptimize) done
Event: 1.456 Executing VM operation: HandshakeAllThreads (Deoptimize)
Event: 1.456 Executing VM operation: HandshakeAllThreads (Deoptimize) done
Event: 1.467 Executing VM operation: HandshakeAllThreads (Deoptimize)
Event: 1.467 Executing VM operation: HandshakeAllThreads (Deoptimize) done
Event: 1.476 Executing VM operation: HandshakeAllThreads (Deoptimize)
Event: 1.476 Executing VM operation: HandshakeAllThreads (Deoptimize) done
Event: 1.481 Executing VM operation: HandshakeAllThreads (Deoptimize)
Event: 1.481 Executing VM operation: HandshakeAllThreads (Deoptimize) done
Event: 1.659 Executing VM operation: HandshakeAllThreads (Deoptimize)
Event: 1.659 Executing VM operation: HandshakeAllThreads (Deoptimize) done
Event: 1.755 Executing VM operation: G1CollectForAllocation (G1 Evacuation Pause)
Event: 1.760 Executing VM operation: G1CollectForAllocation (G1 Evacuation Pause) done
Event: 1.793 Executing VM operation: HandshakeAllThreads (Deoptimize)
Event: 1.793 Executing VM operation: HandshakeAllThreads (Deoptimize) done

Memory protections (0 events):
No events

Nmethod flushes (0 events):
No events

Events (13 events):
Event: 0.031 Thread 0x000002c2600ca3c0 Thread added: 0x000002c2600ca3c0
Event: 0.044 Thread 0x000002c2600ca3c0 Thread added: 0x000002c27ce41310
Event: 0.044 Thread 0x000002c2600ca3c0 Thread added: 0x000002c27ce430e0
Event: 0.044 Thread 0x000002c2600ca3c0 Thread added: 0x000002c27ce46e10
Event: 0.044 Thread 0x000002c2600ca3c0 Thread added: 0x000002c27ce47870
Event: 0.044 Thread 0x000002c2600ca3c0 Thread added: 0x000002c27ce48a70
Event: 0.044 Thread 0x000002c2600ca3c0 Thread added: 0x000002c27ce56450
Event: 0.045 Thread 0x000002c2600ca3c0 Thread added: 0x000002c27ce57d80
Event: 0.045 Thread 0x000002c2600ca3c0 Thread added: 0x000002c27ce58830
Event: 0.112 Thread 0x000002c2600ca3c0 Thread added: 0x000002c2450d1e10
Event: 0.169 Thread 0x000002c2600ca3c0 Thread added: 0x000002c2450d4570
Event: 0.169 Thread 0x000002c2600ca3c0 Thread added: 0x000002c2450d3850
Event: 0.461 Thread 0x000002c27ce58830 Thread added: 0x000002c2453e0790


Dynamic libraries:
0x00007ff78dfe0000 - 0x00007ff78dff0000 	C:\Program Files\Java\jdk-23\bin\java.exe
0x00007ffece4f0000 - 0x00007ffece6e8000 	C:\WINDOWS\SYSTEM32\ntdll.dll
0x00007ffecc570000 - 0x00007ffecc632000 	C:\WINDOWS\System32\KERNEL32.DLL
0x00007ffecbf70000 - 0x00007ffecc26f000 	C:\WINDOWS\System32\KERNELBASE.dll
0x00007ffecc350000 - 0x00007ffecc450000 	C:\WINDOWS\System32\ucrtbase.dll
0x00007ffec9020000 - 0x00007ffec9037000 	C:\Program Files\Java\jdk-23\bin\jli.dll
0x00007ffec6e20000 - 0x00007ffec6e3b000 	C:\Program Files\Java\jdk-23\bin\VCRUNTIME140.dll
0x00007ffecc880000 - 0x00007ffecca1d000 	C:\WINDOWS\System32\USER32.dll
0x00007ffecc270000 - 0x00007ffecc292000 	C:\WINDOWS\System32\win32u.dll
0x00007ffebbf70000 - 0x00007ffebc20a000 	C:\WINDOWS\WinSxS\amd64_microsoft.windows.common-controls_6595b64144ccf1df_6.0.19041.4355_none_60b8b9eb71f62e16\COMCTL32.dll
0x00007ffecc7f0000 - 0x00007ffecc81b000 	C:\WINDOWS\System32\GDI32.dll
0x00007ffeccf30000 - 0x00007ffeccfce000 	C:\WINDOWS\System32\msvcrt.dll
0x00007ffecbc20000 - 0x00007ffecbd3a000 	C:\WINDOWS\System32\gdi32full.dll
0x00007ffecbd40000 - 0x00007ffecbddd000 	C:\WINDOWS\System32\msvcp_win.dll
0x00007ffeccaa0000 - 0x00007ffeccacf000 	C:\WINDOWS\System32\IMM32.DLL
0x00007ffec9050000 - 0x00007ffec905c000 	C:\Program Files\Java\jdk-23\bin\vcruntime140_1.dll
0x00007ffeb11a0000 - 0x00007ffeb122e000 	C:\Program Files\Java\jdk-23\bin\msvcp140.dll
0x00007ffe60100000 - 0x00007ffe60e50000 	C:\Program Files\Java\jdk-23\bin\server\jvm.dll
0x00007ffecdcf0000 - 0x00007ffecdd9f000 	C:\WINDOWS\System32\ADVAPI32.dll
0x00007ffeccad0000 - 0x00007ffeccb6f000 	C:\WINDOWS\System32\sechost.dll
0x00007ffeccbd0000 - 0x00007ffecccf3000 	C:\WINDOWS\System32\RPCRT4.dll
0x00007ffecbde0000 - 0x00007ffecbe07000 	C:\WINDOWS\System32\bcrypt.dll
0x00007ffeccec0000 - 0x00007ffeccf2b000 	C:\WINDOWS\System32\WS2_32.dll
0x00007ffecb940000 - 0x00007ffecb98b000 	C:\WINDOWS\SYSTEM32\POWRPROF.dll
0x00007ffebaef0000 - 0x00007ffebaf17000 	C:\WINDOWS\SYSTEM32\WINMM.dll
0x00007ffec2550000 - 0x00007ffec255a000 	C:\WINDOWS\SYSTEM32\VERSION.dll
0x00007ffecb920000 - 0x00007ffecb932000 	C:\WINDOWS\SYSTEM32\UMPDC.dll
0x00007ffec9850000 - 0x00007ffec9862000 	C:\WINDOWS\SYSTEM32\kernel.appcore.dll
0x00007ffec5920000 - 0x00007ffec592a000 	C:\Program Files\Java\jdk-23\bin\jimage.dll
0x00007ffeb7180000 - 0x00007ffeb7364000 	C:\WINDOWS\SYSTEM32\DBGHELP.DLL
0x00007ffeb5960000 - 0x00007ffeb5994000 	C:\WINDOWS\SYSTEM32\dbgcore.DLL
0x00007ffecbb90000 - 0x00007ffecbc12000 	C:\WINDOWS\System32\bcryptPrimitives.dll
0x00007ffec58e0000 - 0x00007ffec58ef000 	C:\Program Files\Java\jdk-23\bin\instrument.dll
0x00007ffec5900000 - 0x00007ffec591e000 	C:\Program Files\Java\jdk-23\bin\java.dll
0x00007ffece380000 - 0x00007ffece4ab000 	C:\WINDOWS\System32\ole32.dll
0x00007ffecd800000 - 0x00007ffecdb55000 	C:\WINDOWS\System32\combase.dll
0x00007ffecd080000 - 0x00007ffecd7ed000 	C:\WINDOWS\System32\SHELL32.dll
0x00007ffec9a50000 - 0x00007ffeca1f3000 	C:\WINDOWS\SYSTEM32\windows.storage.dll
0x00007ffecb4f0000 - 0x00007ffecb51b000 	C:\WINDOWS\SYSTEM32\Wldp.dll
0x00007ffece2b0000 - 0x00007ffece37d000 	C:\WINDOWS\System32\OLEAUT32.dll
0x00007ffeccfd0000 - 0x00007ffecd07d000 	C:\WINDOWS\System32\SHCORE.dll
0x00007ffecc510000 - 0x00007ffecc565000 	C:\WINDOWS\System32\shlwapi.dll
0x00007ffecbac0000 - 0x00007ffecbae5000 	C:\WINDOWS\SYSTEM32\profapi.dll
0x00007ffea7060000 - 0x00007ffea7137000 	C:\Program Files\Java\jdk-23\bin\jsvml.dll
0x00007ffebe7a0000 - 0x00007ffebe7b7000 	C:\Program Files\Java\jdk-23\bin\zip.dll
0x00007ffec58f0000 - 0x00007ffec5900000 	C:\Program Files\Java\jdk-23\bin\net.dll
0x00007ffecb250000 - 0x00007ffecb2bc000 	C:\WINDOWS\system32\mswsock.dll
0x00007ffec22e0000 - 0x00007ffec22f6000 	C:\Program Files\Java\jdk-23\bin\nio.dll
0x00007ffebe6f0000 - 0x00007ffebe70a000 	C:\Program Files\JetBrains\IntelliJ IDEA Community Edition 2024.2.4\bin\breakgen64.dll
0x00007ffebe6e0000 - 0x00007ffebe6e9000 	C:\Program Files\Java\jdk-23\bin\extnet.dll
0x00007ffebe6c0000 - 0x00007ffebe6d0000 	C:\Program Files\Java\jdk-23\bin\verify.dll
0x00007ffebe740000 - 0x00007ffebe74a000 	C:\Program Files\Java\jdk-23\bin\management.dll
0x00007ffebe730000 - 0x00007ffebe73b000 	C:\Program Files\Java\jdk-23\bin\management_ext.dll
0x00007ffecd7f0000 - 0x00007ffecd7f8000 	C:\WINDOWS\System32\PSAPI.DLL
0x00007ffeb3090000 - 0x00007ffeb30a7000 	C:\WINDOWS\system32\napinsp.dll
0x00007ffeb1c00000 - 0x00007ffeb1c1b000 	C:\WINDOWS\system32\pnrpnsp.dll
0x00007ffeb1be0000 - 0x00007ffeb1bf5000 	C:\WINDOWS\system32\wshbth.dll
0x00007ffec6b80000 - 0x00007ffec6b9d000 	C:\WINDOWS\system32\NLAapi.dll
0x00007ffecaf30000 - 0x00007ffecaf6b000 	C:\WINDOWS\SYSTEM32\IPHLPAPI.DLL
0x00007ffecaf70000 - 0x00007ffecb03a000 	C:\WINDOWS\SYSTEM32\DNSAPI.dll
0x00007ffecdb60000 - 0x00007ffecdb68000 	C:\WINDOWS\System32\NSI.dll
0x00007ffeb30b0000 - 0x00007ffeb30c2000 	C:\WINDOWS\System32\winrnr.dll
0x00007ffebe4c0000 - 0x00007ffebe4ca000 	C:\Windows\System32\rasadhlp.dll
0x00007ffec71d0000 - 0x00007ffec7250000 	C:\WINDOWS\System32\fwpuclnt.dll
0x00007ffecb450000 - 0x00007ffecb468000 	C:\WINDOWS\SYSTEM32\CRYPTSP.dll
0x00007ffecab70000 - 0x00007ffecaba8000 	C:\WINDOWS\system32\rsaenh.dll
0x00007ffecba80000 - 0x00007ffecbaae000 	C:\WINDOWS\SYSTEM32\USERENV.dll
0x00007ffecb440000 - 0x00007ffecb44c000 	C:\WINDOWS\SYSTEM32\CRYPTBASE.dll

dbghelp: loaded successfully - version: 4.0.5 - missing functions: none
symbol engine: initialized successfully - sym options: 0x614 - pdb path: .;C:\Program Files\Java\jdk-23\bin;C:\WINDOWS\SYSTEM32;C:\WINDOWS\WinSxS\amd64_microsoft.windows.common-controls_6595b64144ccf1df_6.0.19041.4355_none_60b8b9eb71f62e16;C:\Program Files\Java\jdk-23\bin\server;C:\Program Files\JetBrains\IntelliJ IDEA Community Edition 2024.2.4\bin

VM Arguments:
jvm_args: -ea -Didea.test.cyclic.buffer.size=1048576 -javaagent:C:\Program Files\JetBrains\IntelliJ IDEA Community Edition 2024.2.4\lib\idea_rt.jar=53624:C:\Program Files\JetBrains\IntelliJ IDEA Community Edition 2024.2.4\bin -Dfile.encoding=UTF-8 -Dsun.stdout.encoding=UTF-8 -Dsun.stderr.encoding=UTF-8 
java_command: com.intellij.rt.testng.RemoteTestNGStarter -usedefaultlisteners false -socket53623 @w@C:\Users\mohamed.galal\AppData\Local\Temp\idea_working_dirs_testng2.tmp -temp C:\Users\mohamed.galal\AppData\Local\Temp\idea_testng2.tmp
java_class_path (initial): C:\Program Files\JetBrains\IntelliJ IDEA Community Edition 2024.2.4\lib\idea_rt.jar;C:\Program Files\JetBrains\IntelliJ IDEA Community Edition 2024.2.4\plugins\testng\lib\testng-rt.jar;C:\Users\mohamed.galal\IdeaProjects\TeamProjectMakeen\target\test-classes;C:\Users\mohamed.galal\IdeaProjects\TeamProjectMakeen\target\classes;C:\Users\mohamed.galal\.m2\repository\org\seleniumhq\selenium\selenium-java\4.25.0\selenium-java-4.25.0.jar;C:\Users\mohamed.galal\.m2\repository\org\seleniumhq\selenium\selenium-api\4.25.0\selenium-api-4.25.0.jar;C:\Users\mohamed.galal\.m2\repository\org\jspecify\jspecify\1.0.0\jspecify-1.0.0.jar;C:\Users\mohamed.galal\.m2\repository\org\seleniumhq\selenium\selenium-chrome-driver\4.25.0\selenium-chrome-driver-4.25.0.jar;C:\Users\mohamed.galal\.m2\repository\com\google\auto\service\auto-service-annotations\1.1.1\auto-service-annotations-1.1.1.jar;C:\Users\mohamed.galal\.m2\repository\org\seleniumhq\selenium\selenium-chromium-driver\4.25.0\selenium-chromium-driver-4.25.0.jar;C:\Users\mohamed.galal\.m2\repository\org\seleniumhq\selenium\selenium-json\4.25.0\selenium-json-4.25.0.jar;C:\Users\mohamed.galal\.m2\repository\org\seleniumhq\selenium\selenium-manager\4.25.0\selenium-manager-4.25.0.jar;C:\Users\mohamed.galal\.m2\repository\org\seleniumhq\selenium\selenium-devtools-v127\4.25.0\selenium-devtools-v127-4.25.0.jar;C:\Users\mohamed.galal\.m2\repository\org\seleniumhq\selenium\selenium-devtools-v128\4.25.0\selenium-devtools-v128-4.25.0.jar;C:\Users\mohamed.galal\.m2\repository\org\seleniumhq\selenium\selenium-devtools-v129\4.25.0\selenium-devtools-v129-4.25.0.jar;C:\Users\mohamed.galal\.m2\repository\org\seleniumhq\selenium\selenium-devtools-v85\4.25.0\selenium-devtools-v85-4.25.0.jar;C:\Users\mohamed.galal\.m2\repository\org\seleniumhq\selenium\selenium-edge-driver\4.25.0\selenium-edge-driver-4.25.0.jar;C:\Users\mohamed.galal\.m2\repository\org\seleniumhq\selenium\selenium-firefox-driver\4.25.0\selenium-firefox-driver-4.25.0.jar;C:\Users\mohamed.galal\.m2\repository\org\seleniumhq\selenium\selenium-http\4.25.0\selenium-http-4.25.0.jar;C:\Users\mohamed.galal\.m2\repository\dev\failsafe\failsafe\3.3.2\failsafe-3.3.2.jar;C:\Users\mohamed.galal\.m2\repository\org\seleniumhq\selenium\selenium-ie-driver\4.25.0\selenium-ie-driver-4.25.0.jar;C:\Users\mohamed.galal\.m2\repository\org\seleniumhq\selenium\selenium-remote-driver\4.25.0\selenium-remote-driver-4.25.0.jar;C:\Users\mohamed.galal\.m2\repository\com\google\guava\guava\33.3.0-jre\guava-33.3.0-jre.jar;C:\Users\mohamed.galal\.m2\repository\com\google\guava\failureaccess\1.0.2\failureaccess-1.0.2.jar;C:\Users\mohamed.galal\.m2\repository\com\google\guava\listenablefuture\9999.0-empty-to-avoid-conflict-with-guava\listenablefuture-9999.0-empty-to-avoid-conflict-with-guava.jar;C:\Users\mohamed.galal\.m2\repository\com\google\code\findbugs\jsr305\3.0.2\jsr305-3.0.2.jar;C:\Users\mohamed.galal\.m2\repository\org\checkerframework\checker-qual\3.43.0\checker-qual-3.43.0.jar;C:\Users\mohamed.galal\.m2\repository\com\google\j2objc\j2objc-annotations\3.0.0\j2objc-annotations-3.0.0.jar;C:\Users\mohamed.galal\.m2\repository\io\opentelemetry\semconv\opentelemetry-semconv\1.25.0-alpha\opentelemetry-semconv-1.25.0-alpha.jar;C:\Users\mohamed.galal\.m2\repository\io\opentelemetry\opentelemetry-api\1.42.1\opentelemetry-api-1.42.1.jar;C:\Users\mohamed.galal\.m2\repository\io\opentelemetry\opentelemetry-context\1.42.1\opentelemetry-context-1.42.1.jar;C:\Users\mohamed.galal\.m2\repository\io\opentelemetry\opentelemetry-exporter-logging\1.42.1\opentelemetry-exporter-logging-1.42.1.jar;C:\Users\mohamed.galal\.m2\repository\io\opentelemetry\opentelemetry-sdk-common\1.42.1\opentelemetry-sdk-common-1.42.1.jar;C:\Users\mohamed.galal\.m2\repository\io\opentelemetry\opentelemetry-sdk-extension-autoconfigure-spi\1.42.1\opentelemetry-sdk-extension-autoconfigure-spi-1.42.1.jar;C:\Users\mohamed.galal\.m2\repository\io\opentelemetry\opentelemetry-sdk-extension-autoconfigure\1.42.1\opentelemetry-sdk-extension-autoconfigure-1.42.1.jar;C:\Users\mohamed.galal\.m2\repository\io\opentelemetry\opentelemetry-api-incubator\1.42.1-alpha\opentelemetry-api-incubator-1.42.1-alpha.jar;C:\Users\mohamed.galal\.m2\repository\io\opentelemetry\opentelemetry-sdk-trace\1.42.1\opentelemetry-sdk-trace-1.42.1.jar;C:\Users\mohamed.galal\.m2\repository\io\opentelemetry\opentelemetry-sdk\1.42.1\opentelemetry-sdk-1.42.1.jar;C:\Users\mohamed.galal\.m2\repository\io\opentelemetry\opentelemetry-sdk-metrics\1.42.1\opentelemetry-sdk-metrics-1.42.1.jar;C:\Users\mohamed.galal\.m2\repository\io\opentelemetry\opentelemetry-sdk-logs\1.42.1\opentelemetry-sdk-logs-1.42.1.jar;C:\Users\mohamed.galal\.m2\repository\net\bytebuddy\byte-buddy\1.15.1\byte-buddy-1.15.1.jar;C:\Users\mohamed.galal\.m2\repository\org\seleniumhq\selenium\selenium-os\4.25.0\selenium-os-4.25.0.jar;C:\Users\mohamed.galal\.m2\repository\org\apache\commons\commons-exec\1.4.0\commons-exec-1.4.0.jar;C:\Users\mohamed.galal\.m2\repository\org\seleniumhq\selenium\selenium-safari-driver\4.25.0\selenium-safari-driver-4.25.0.jar;C:\Users\mohamed.galal\.m2\repository\org\seleniumhq\selenium\selenium-support\4.25.0\selenium-support-4.25.0.jar;C:\Users\mohamed.galal\.m2\repository\org\testng\testng\7.10.2\testng-7.10.2.jar;C:\Users\mohamed.galal\.m2\repository\org\slf4j\slf4j-api\1.7.36\slf4j-api-1.7.36.jar;C:\Users\mohamed.galal\.m2\repository\com\beust\jcommander\1.82\jcommander-1.82.jar;C:\Users\mohamed.galal\.m2\repository\org\webjars\jquery\3.7.1\jquery-3.7.1.jar;C:\Users\mohamed.galal\.m2\repository\org\apache\logging\log4j\log4j-slf4j-impl\2.23.1\log4j-slf4j-impl-2.23.1.jar;C:\Users\mohamed.galal\.m2\repository\org\apache\logging\log4j\log4j-api\2.23.1\log4j-api-2.23.1.jar;C:\Users\mohamed.galal\.m2\repository\org\apache\logging\log4j\log4j-core\2.23.1\log4j-core-2.23.1.jar;C:\Users\mohamed.galal\.m2\repository\io\qameta\allure\allure-testng\2.29.0\allure-testng-2.29.0.jar;C:\Users\mohamed.galal\.m2\repository\io\qameta\allure\allure-java-commons\2.29.0\allure-java-commons-2.29.0.jar;C:\Users\mohamed.galal\.m2\repository\io\qameta\allure\allure-model\2.29.0\allure-model-2.29.0.jar;C:\Users\mohamed.galal\.m2\repository\io\qameta\allure\allure-test-filter\2.29.0\allure-test-filter-2.29.0.jar;C:\Users\mohamed.galal\.m2\repository\com\google\code\gson\gson\2.11.0\gson-2.11.0.jar;C:\Users\mohamed.galal\.m2\repository\com\google\errorprone\error_prone_annotations\2.27.0\error_prone_annotations-2.27.0.jar;C:\Users\mohamed.galal\.m2\repository\org\apache\poi\poi\5.2.3\poi-5.2.3.jar;C:\Users\mohamed.galal\.m2\repository\commons-codec\commons-codec\1.15\commons-codec-1.15.jar;C:\Users\mohamed.galal\.m2\repository\org\apache\commons\commons-collections4\4.4\commons-collections4-4.4.jar;C:\Users\mohamed.galal\.m2\repository\org\apache\commons\commons-math3\3.6.1\commons-math3-3.6.1.jar;C:\Users\mohamed.galal\.m2\repository\commons-io\commons-io\2.11.0\commons-io-2.11.0.jar;C:\Users\mohamed.galal\.m2\repository\com\zaxxer\SparseBitSet\1.2\SparseBitSet-1.2.jar;C:\Users\mohamed.galal\.m2\repository\org\apache\poi\poi-ooxml\5.2.3\poi-ooxml-5.2.3.jar;C:\Users\mohamed.galal\.m2\repository\org\apache\poi\poi-ooxml-lite\5.2.3\poi-ooxml-lite-5.2.3.jar;C:\Users\mohamed.galal\.m2\repository\org\apache\xmlbeans\xmlbeans\5.1.1\xmlbeans-5.1.1.jar;C:\Users\mohamed.galal\.m2\repository\org\apache\commons\commons-compress\1.21\commons-compress-1.21.jar;C:\Users\mohamed.galal\.m2\repository\com\github\virtuald\curvesapi\1.07\curvesapi-1.07.jar;C:\Users\mohamed.galal\.m2\repository\org\junit\jupiter\junit-jupiter-api\5.12.0\junit-jupiter-api-5.12.0.jar;C:\Users\mohamed.galal\.m2\repository\org\opentest4j\opentest4j\1.3.0\opentest4j-1.3.0.jar;C:\Users\mohamed.galal\.m2\repository\org\junit\platform\junit-platform-commons\1.11.0\junit-platform-commons-1.11.0.jar;C:\Users\mohamed.galal\.m2\repository\org\apiguardian\apiguardian-api\1.1.2\apiguardian-api-1.1.2.jar
Launcher Type: SUN_STANDARD

[Global flags]
     intx CICompilerCount                          = 4                                         {product} {ergonomic}
     uint ConcGCThreads                            = 2                                         {product} {ergonomic}
     uint G1ConcRefinementThreads                  = 8                                         {product} {ergonomic}
   size_t G1HeapRegionSize                         = 1048576                                   {product} {ergonomic}
   size_t InitialHeapSize                          = 134217728                                 {product} {ergonomic}
   size_t MarkStackSize                            = 4194304                                   {product} {ergonomic}
   size_t MarkStackSizeMax                         = 536870912                                 {product} {ergonomic}
   size_t MaxHeapSize                              = 2120220672                                {product} {ergonomic}
   size_t MaxNewSize                               = 1271922688                                {product} {ergonomic}
   size_t MinHeapDeltaBytes                        = 1048576                                   {product} {ergonomic}
   size_t MinHeapSize                              = 8388608                                   {product} {ergonomic}
    uintx NonNMethodCodeHeapSize                   = 5832704                                {pd product} {ergonomic}
    uintx NonProfiledCodeHeapSize                  = 122945536                              {pd product} {ergonomic}
    uintx ProfiledCodeHeapSize                     = 122880000                              {pd product} {ergonomic}
    uintx ReservedCodeCacheSize                    = 251658240                              {pd product} {ergonomic}
     bool SegmentedCodeCache                       = true                                      {product} {ergonomic}
   size_t SoftMaxHeapSize                          = 2120220672                             {manageable} {ergonomic}
     bool UseCompressedOops                        = true                           {product lp64_product} {ergonomic}
     bool UseG1GC                                  = true                                      {product} {ergonomic}
     bool UseLargePagesIndividualAllocation        = false                                  {pd product} {ergonomic}

Logging:
Log output configuration:
 #0: stdout all=warning uptime,level,tags foldmultilines=false
 #1: stderr all=off uptime,level,tags foldmultilines=false

Environment Variables:
PATH=C:\Program Files\Common Files\Oracle\Java\javapath;C:\WINDOWS\system32;C:\WINDOWS;C:\WINDOWS\System32\Wbem;C:\WINDOWS\System32\WindowsPowerShell\v1.0\;C:\WINDOWS\System32\OpenSSH\;D:\apache-maven-3.9.9\bin;C:\Users\mohamed.galal\AppData\Local\Microsoft\WindowsApps;C:\Users\mohamed.galal\AppData\Local\Programs\Git\cmd
USERNAME=Mohamed.Galal
OS=Windows_NT
PROCESSOR_IDENTIFIER=Intel64 Family 6 Model 60 Stepping 3, GenuineIntel
TMP=C:\Users\MOHAME~1.GAL\AppData\Local\Temp
TEMP=C:\Users\MOHAME~1.GAL\AppData\Local\Temp




Periodic native trim disabled

---------------  S Y S T E M  ---------------

OS:
 Windows 10 , 64 bit Build 19041 (10.0.19041.5438)
OS uptime: 3 days 4:34 hours

CPU: total 8 (initial active 8) (4 cores per cpu, 2 threads per core) family 6 model 60 stepping 3 microcode 0x27, cx8, cmov, fxsr, ht, mmx, sse, sse2, sse3, ssse3, sse4.1, sse4.2, popcnt, lzcnt, tsc, tscinvbit, avx, avx2, aes, erms, clmul, bmi1, bmi2, fma, vzeroupper, clflush, rdtscp, f16c
Processor Information for the first 8 processors :
  Max Mhz: 3392, Current Mhz: 3392, Mhz Limit: 3392

Memory: 4k page, system-wide physical 8082M (480M free)
TotalPageFile size 19694M (AvailPageFile size 3M)
current process WorkingSet (physical memory assigned to process): 119M, peak: 119M
current process commit charge ("private bytes"): 254M, peak: 254M

vm_info: Java HotSpot(TM) 64-Bit Server VM (23.0.2+7-58) for windows-amd64 JRE (23.0.2+7-58), built on 2024-11-29T09:34:55Z with MS VC++ 17.6 (VS2022)

END.
